TN:
SF:src/config/env.ts
FNF:0
FNH:0
DA:3,2
DA:23,2
DA:25,2
DA:26,0
DA:28,0
DA:29,0
DA:32,0
DA:35,2
LF:8
LH:4
BRDA:25,0,0,0
BRDA:25,0,1,2
BRF:2
BRH:1
end_of_record
TN:
SF:src/constants/auth.constants.ts
FNF:0
FNH:0
DA:1,2
DA:31,2
DA:33,2
LF:3
LH:3
BRF:0
BRH:0
end_of_record
TN:
SF:src/constants/http.constants.ts
FNF:0
FNH:0
DA:1,4
LF:1
LH:1
BRF:0
BRH:0
end_of_record
TN:
SF:src/errors/appError.ts
FN:2,constructor
FNF:1
FNH:1
FNDA:6,constructor
DA:3,6
DA:5,6
DA:7,6
DA:8,6
DA:9,6
LF:5
LH:5
BRDA:5,0,0,6
BRF:1
BRH:1
end_of_record
TN:
SF:src/middlewares/auth.middleware.ts
FN:7,(anonymous_0)
FNF:1
FNH:1
FNDA:4,(anonymous_0)
DA:7,1
DA:12,4
DA:14,4
DA:15,2
DA:16,2
DA:19,2
DA:21,2
DA:22,2
DA:23,2
DA:24,2
DA:26,1
LF:11
LH:11
BRDA:14,0,0,2
BRDA:14,0,1,2
BRF:2
BRH:2
end_of_record
TN:
SF:src/middlewares/authorize.middleware.ts
FN:7,(anonymous_0)
FN:8,(anonymous_1)
FNF:2
FNH:2
FNDA:4,(anonymous_0)
FNDA:4,(anonymous_1)
DA:7,1
DA:8,4
DA:10,4
DA:11,1
DA:12,1
DA:15,3
DA:17,3
DA:18,1
DA:19,1
DA:22,2
LF:10
LH:10
BRDA:10,0,0,1
BRDA:10,0,1,3
BRDA:17,1,0,1
BRDA:17,1,1,2
BRF:4
BRH:4
end_of_record
TN:
SF:src/middlewares/error.middleware.ts
FN:11,(anonymous_0)
FNF:1
FNH:1
FNDA:5,(anonymous_0)
DA:9,1
DA:11,1
DA:23,5
DA:24,1
DA:34,1
DA:40,1
DA:49,4
DA:50,1
DA:60,1
DA:66,1
DA:75,3
DA:85,5
DA:87,5
DA:89,5
LF:14
LH:14
BRDA:23,0,0,1
BRDA:23,0,1,4
BRDA:23,1,0,5
BRDA:23,1,1,1
BRDA:49,2,0,1
BRDA:49,2,1,3
BRDA:85,3,0,2
BRDA:85,3,1,1
BRDA:87,4,0,2
BRDA:87,4,1,1
BRDA:91,5,0,0
BRDA:91,5,1,3
BRDA:94,6,0,5
BRDA:94,6,1,3
BRF:14
BRH:13
end_of_record
TN:
SF:src/middlewares/validate.middleware.ts
FN:11,(anonymous_0)
FN:12,(anonymous_1)
FNF:2
FNH:2
FNDA:7,(anonymous_0)
FNDA:7,(anonymous_1)
DA:11,1
DA:12,7
DA:14,7
DA:15,7
DA:16,3
DA:19,6
DA:20,3
DA:23,5
DA:24,3
DA:27,4
DA:29,3
DA:30,3
DA:31,3
DA:34,0
LF:14
LH:13
BRDA:15,0,0,3
BRDA:15,0,1,4
BRDA:19,1,0,3
BRDA:19,1,1,3
BRDA:23,2,0,3
BRDA:23,2,1,2
BRDA:29,3,0,3
BRDA:29,3,1,0
BRF:8
BRH:7
end_of_record
TN:
SF:src/shared/query/filtering.schema.ts
FNF:0
FNH:0
DA:3,3
LF:1
LH:1
BRF:0
BRH:0
end_of_record
TN:
SF:src/shared/query/filtering.types.ts
FNF:0
FNH:0
LF:0
LH:0
BRF:0
BRH:0
end_of_record
TN:
SF:src/shared/query/index.ts
FNF:0
FNH:0
LF:0
LH:0
BRF:0
BRH:0
end_of_record
TN:
SF:src/shared/query/pagination.schema.ts
FNF:0
FNH:0
DA:5,3
LF:1
LH:1
BRF:0
BRH:0
end_of_record
TN:
SF:src/shared/query/pagination.types.ts
FNF:0
FNH:0
LF:0
LH:0
BRF:0
BRH:0
end_of_record
TN:
SF:src/shared/query/pagination.utils.ts
FN:9,(anonymous_0)
FN:19,(anonymous_1)
FN:39,(anonymous_2)
FNF:3
FNH:3
FNDA:3,(anonymous_0)
FNDA:8,(anonymous_1)
FNDA:4,(anonymous_2)
DA:9,4
DA:10,3
DA:19,4
DA:23,8
DA:39,4
DA:45,4
DA:47,4
LF:7
LH:7
BRF:0
BRH:0
end_of_record
TN:
SF:src/shared/query/query.constants.ts
FNF:0
FNH:0
DA:7,3
LF:1
LH:1
BRF:0
BRH:0
end_of_record
TN:
SF:src/shared/query/query.types.ts
FNF:0
FNH:0
LF:0
LH:0
BRF:0
BRH:0
end_of_record
TN:
SF:src/shared/query/sorting.schema.ts
FNF:0
FNH:0
DA:3,3
LF:1
LH:1
BRF:0
BRH:0
end_of_record
TN:
SF:src/shared/query/sorting.types.ts
FNF:0
FNH:0
LF:0
LH:0
BRF:0
BRH:0
end_of_record
TN:
SF:src/utils/auth/jwt.ts
FN:17,(anonymous_0)
FN:35,(anonymous_1)
FNF:2
FNH:2
FNDA:2,(anonymous_0)
FNDA:2,(anonymous_1)
DA:17,1
DA:18,2
DA:20,2
DA:21,0
DA:24,2
DA:35,1
DA:36,2
DA:38,2
DA:39,0
DA:42,2
DA:44,2
DA:45,0
DA:48,1
LF:13
LH:10
BRDA:20,0,0,0
BRDA:20,0,1,2
BRDA:38,1,0,0
BRDA:38,1,1,2
BRDA:44,2,0,0
BRDA:44,2,1,2
BRF:6
BRH:3
end_of_record
TN:
SF:src/utils/http/apiResponse.ts
FN:5,(anonymous_0)
FN:27,(anonymous_1)
FN:35,(anonymous_2)
FNF:3
FNH:3
FNDA:3,(anonymous_0)
FNDA:1,(anonymous_1)
FNDA:1,(anonymous_2)
DA:5,1
DA:15,3
DA:17,3
DA:24,3
DA:27,1
DA:28,1
DA:35,1
DA:36,1
LF:8
LH:8
BRDA:14,0,0,3
BRDA:20,1,0,3
BRDA:20,1,1,1
BRDA:21,2,0,3
BRDA:21,2,1,0
BRF:5
BRH:4
end_of_record
TN:
SF:src/utils/http/asyncHandler.ts
FN:9,(anonymous_0)
FN:10,(anonymous_1)
FNF:2
FNH:2
FNDA:2,(anonymous_0)
FNDA:2,(anonymous_1)
DA:9,1
DA:10,2
DA:12,2
LF:3
LH:3
BRF:0
BRH:0
end_of_record
